{"C:\\Users\\naceu\\OneDrive\\Desktop\\Studium\\2 Semester\\WE1\\we1.blatt2\\src\\sample.ts": {"path":"C:\\Users\\naceu\\OneDrive\\Desktop\\Studium\\2 Semester\\WE1\\we1.blatt2\\src\\sample.ts","statementMap":{"0":{"start":{"line":1,"column":0},"end":{"line":1,"column":13}},"1":{"start":{"line":5,"column":8},"end":{"line":5,"column":25}},"2":{"start":{"line":8,"column":6},"end":{"line":10,"column":null}},"3":{"start":{"line":9,"column":6},"end":{"line":9,"column":34}},"4":{"start":{"line":11,"column":0},"end":{"line":11,"column":null}},"5":{"start":{"line":1,"column":13},"end":{"line":1,"column":19}},"6":{"start":{"line":13,"column":15},"end":{"line":13,"column":37}},"7":{"start":{"line":14,"column":0},"end":{"line":14,"column":31}}},"fnMap":{"0":{"name":"(anonymous_0)","decl":{"start":{"line":1,"column":0},"end":{"line":1,"column":13}},"loc":{"start":{"line":1,"column":0},"end":{"line":11,"column":null}}},"1":{"name":"Sample","decl":{"start":{"line":4,"column":4},"end":{"line":4,"column":16}},"loc":{"start":{"line":4,"column":28},"end":{"line":6,"column":5}}},"2":{"name":"(anonymous_2)","decl":{"start":{"line":8,"column":6},"end":{"line":8,"column":14}},"loc":{"start":{"line":8,"column":6},"end":{"line":10,"column":5}}}},"branchMap":{},"s":{"0":1,"1":2,"2":1,"3":2,"4":1,"5":1,"6":1,"7":1},"f":{"0":1,"1":2,"2":2},"b":{}}
}
